  [1m[35m (121.0ms)[0m  [1m[35mCREATE TABLE "schema_migrations" ("version" character varying NOT NULL PRIMARY KEY)[0m
  [1m[35m (193.9ms)[0m  [1m[35mCREATE TABLE "ar_internal_metadata" ("key" character varying NOT NULL PRIMARY KEY, "value" character varying, "created_at" timestamp NOT NULL, "updated_at" timestamp NOT NULL)[0m
  [1m[35m (0.6ms)[0m  [1m[34mSELECT pg_try_advisory_lock(7217102484307868355)[0m
  [1m[35m (0.9ms)[0m  [1m[34mSELECT "schema_migrations"."version" FROM "schema_migrations" ORDER BY "schema_migrations"."version" ASC[0m
Migrating to CreateProgrammers (20180228051708)
  [1m[35m (0.3ms)[0m  [1m[35mBEGIN[0m
  [1m[35m (99.7ms)[0m  [1m[35mCREATE TABLE "programmers" ("id" bigserial primary key, "name" character varying, "created_at" timestamp NOT NULL, "updated_at" timestamp NOT NULL)[0m
  [1m[35mSQL (0.8ms)[0m  [1m[32mINSERT INTO "schema_migrations" ("version") VALUES ($1) RETURNING "version"[0m  [["version", "20180228051708"]]
  [1m[35m (24.6ms)[0m  [1m[35mCOMMIT[0m
Migrating to CreateClients (20180228051739)
  [1m[35m (0.3ms)[0m  [1m[35mBEGIN[0m
  [1m[35m (101.1ms)[0m  [1m[35mCREATE TABLE "clients" ("id" bigserial primary key, "name" character varying, "created_at" timestamp NOT NULL, "updated_at" timestamp NOT NULL)[0m
  [1m[35mSQL (0.6ms)[0m  [1m[32mINSERT INTO "schema_migrations" ("version") VALUES ($1) RETURNING "version"[0m  [["version", "20180228051739"]]
  [1m[35m (27.5ms)[0m  [1m[35mCOMMIT[0m
Migrating to CreateProjects (20180228051842)
  [1m[35m (0.4ms)[0m  [1m[35mBEGIN[0m
  [1m[35m (140.2ms)[0m  [1m[35mCREATE TABLE "projects" ("id" bigserial primary key, "programmer_id" bigint, "client_id" bigint, "created_at" timestamp NOT NULL, "updated_at" timestamp NOT NULL, CONSTRAINT "fk_rails_c85a61bec3"
FOREIGN KEY ("programmer_id")
  REFERENCES "programmers" ("id")
, CONSTRAINT "fk_rails_8d9657cec3"
FOREIGN KEY ("client_id")
  REFERENCES "clients" ("id")
)[0m
  [1m[35m (171.8ms)[0m  [1m[35mCREATE  INDEX  "index_projects_on_programmer_id" ON "projects"  ("programmer_id")[0m
  [1m[35m (84.5ms)[0m  [1m[35mCREATE  INDEX  "index_projects_on_client_id" ON "projects"  ("client_id")[0m
  [1m[35mSQL (3.2ms)[0m  [1m[32mINSERT INTO "schema_migrations" ("version") VALUES ($1) RETURNING "version"[0m  [["version", "20180228051842"]]
  [1m[35m (18.5ms)[0m  [1m[35mCOMMIT[0m
  [1m[36mActiveRecord::InternalMetadata Load (0.6ms)[0m  [1m[34mSELECT  "ar_internal_metadata".* FROM "ar_internal_metadata" WHERE "ar_internal_metadata"."key" = $1 LIMIT $2[0m  [["key", "environment"], ["LIMIT", 1]]
  [1m[35m (0.4ms)[0m  [1m[35mBEGIN[0m
  [1m[35mSQL (14.7ms)[0m  [1m[32mINSERT INTO "ar_internal_metadata" ("key", "value", "created_at", "updated_at") VALUES ($1, $2, $3, $4) RETURNING "key"[0m  [["key", "environment"], ["value", "development"], ["created_at", "2018-02-28 05:19:58.595031"], ["updated_at", "2018-02-28 05:19:58.595031"]]
  [1m[35m (13.3ms)[0m  [1m[35mCOMMIT[0m
  [1m[35m (0.5ms)[0m  [1m[34mSELECT pg_advisory_unlock(7217102484307868355)[0m
  [1m[35m (0.5ms)[0m  [1m[34mSELECT "schema_migrations"."version" FROM "schema_migrations" ORDER BY "schema_migrations"."version" ASC[0m
  [1m[35m (0.3ms)[0m  [1m[35mBEGIN[0m
  [1m[35mSQL (1.2ms)[0m  [1m[32mINSERT INTO "programmers" ("name", "created_at", "updated_at") VALUES ($1, $2, $3) RETURNING "id"[0m  [["name", "Josh Frankel"], ["created_at", "2018-02-28 05:46:09.031861"], ["updated_at", "2018-02-28 05:46:09.031861"]]
  [1m[35m (64.4ms)[0m  [1m[35mCOMMIT[0m
  [1m[35m (0.3ms)[0m  [1m[35mBEGIN[0m
  [1m[35mSQL (0.7ms)[0m  [1m[32mINSERT INTO "programmers" ("name", "created_at", "updated_at") VALUES ($1, $2, $3) RETURNING "id"[0m  [["name", "Josh Frankel"], ["created_at", "2018-02-28 05:46:09.114561"], ["updated_at", "2018-02-28 05:46:09.114561"]]
  [1m[35m (19.6ms)[0m  [1m[35mCOMMIT[0m
  [1m[35m (0.6ms)[0m  [1m[35mBEGIN[0m
  [1m[35mSQL (0.8ms)[0m  [1m[32mINSERT INTO "programmers" ("name", "created_at", "updated_at") VALUES ($1, $2, $3) RETURNING "id"[0m  [["name", "Raj Jaware"], ["created_at", "2018-02-28 05:47:16.362032"], ["updated_at", "2018-02-28 05:47:16.362032"]]
  [1m[35m (23.2ms)[0m  [1m[35mCOMMIT[0m
  [1m[35m (0.3ms)[0m  [1m[35mBEGIN[0m
  [1m[35mSQL (1.0ms)[0m  [1m[32mINSERT INTO "clients" ("name", "created_at", "updated_at") VALUES ($1, $2, $3) RETURNING "id"[0m  [["name", "Mr. Nic Cage"], ["created_at", "2018-02-28 05:48:09.500464"], ["updated_at", "2018-02-28 05:48:09.500464"]]
  [1m[35m (17.2ms)[0m  [1m[35mCOMMIT[0m
  [1m[35m (0.3ms)[0m  [1m[35mBEGIN[0m
  [1m[35mSQL (1.7ms)[0m  [1m[32mINSERT INTO "projects" ("programmer_id", "client_id", "created_at", "updated_at") VALUES ($1, $2, $3, $4) RETURNING "id"[0m  [["programmer_id", 3], ["client_id", 1], ["created_at", "2018-02-28 05:48:42.845881"], ["updated_at", "2018-02-28 05:48:42.845881"]]
  [1m[35m (27.3ms)[0m  [1m[35mCOMMIT[0m
  [1m[35m (0.5ms)[0m  [1m[35mBEGIN[0m
  [1m[35mSQL (0.8ms)[0m  [1m[32mINSERT INTO "clients" ("name", "created_at", "updated_at") VALUES ($1, $2, $3) RETURNING "id"[0m  [["name", "Soma Pansre"], ["created_at", "2018-02-28 05:51:02.798120"], ["updated_at", "2018-02-28 05:51:02.798120"]]
  [1m[35m (26.4ms)[0m  [1m[35mCOMMIT[0m
  [1m[35m (0.4ms)[0m  [1m[35mBEGIN[0m
  [1m[35mSQL (1.2ms)[0m  [1m[32mINSERT INTO "projects" ("programmer_id", "client_id", "created_at", "updated_at") VALUES ($1, $2, $3, $4) RETURNING "id"[0m  [["programmer_id", 3], ["client_id", 2], ["created_at", "2018-02-28 05:51:18.798501"], ["updated_at", "2018-02-28 05:51:18.798501"]]
  [1m[35m (26.7ms)[0m  [1m[35mCOMMIT[0m
  [1m[35m (0.4ms)[0m  [1m[35mBEGIN[0m
  [1m[35mSQL (1.3ms)[0m  [1m[32mINSERT INTO "projects" ("programmer_id", "client_id", "created_at", "updated_at") VALUES ($1, $2, $3, $4) RETURNING "id"[0m  [["programmer_id", 3], ["client_id", 2], ["created_at", "2018-02-28 05:52:27.045496"], ["updated_at", "2018-02-28 05:52:27.045496"]]
  [1m[35m (22.0ms)[0m  [1m[35mCOMMIT[0m
  [1m[35m (0.4ms)[0m  [1m[35mBEGIN[0m
  [1m[35mSQL (0.8ms)[0m  [1m[32mINSERT INTO "clients" ("name", "created_at", "updated_at") VALUES ($1, $2, $3) RETURNING "id"[0m  [["name", "VItthal Sir"], ["created_at", "2018-02-28 05:52:55.182819"], ["updated_at", "2018-02-28 05:52:55.182819"]]
  [1m[35m (25.0ms)[0m  [1m[35mCOMMIT[0m
  [1m[35m (0.4ms)[0m  [1m[35mBEGIN[0m
  [1m[35mSQL (0.8ms)[0m  [1m[32mINSERT INTO "programmers" ("name", "created_at", "updated_at") VALUES ($1, $2, $3) RETURNING "id"[0m  [["name", "djfks fks"], ["created_at", "2018-02-28 05:53:47.635413"], ["updated_at", "2018-02-28 05:53:47.635413"]]
  [1m[35m (21.8ms)[0m  [1m[35mCOMMIT[0m
  [1m[35m (0.4ms)[0m  [1m[35mBEGIN[0m
  [1m[35mSQL (1.4ms)[0m  [1m[32mINSERT INTO "projects" ("programmer_id", "client_id", "created_at", "updated_at") VALUES ($1, $2, $3, $4) RETURNING "id"[0m  [["programmer_id", 4], ["client_id", 3], ["created_at", "2018-02-28 05:54:12.480113"], ["updated_at", "2018-02-28 05:54:12.480113"]]
  [1m[35m (26.0ms)[0m  [1m[35mCOMMIT[0m
  [1m[36mClient Load (0.8ms)[0m  [1m[34mSELECT  "clients".* FROM "clients" INNER JOIN "projects" ON "clients"."id" = "projects"."client_id" WHERE "projects"."programmer_id" = $1 LIMIT $2[0m  [["programmer_id", 4], ["LIMIT", 11]]
  [1m[35m (0.6ms)[0m  [1m[35mBEGIN[0m
  [1m[35mSQL (0.8ms)[0m  [1m[32mINSERT INTO "programmers" ("name", "created_at", "updated_at") VALUES ($1, $2, $3) RETURNING "id"[0m  [["name", "divine"], ["created_at", "2018-02-28 05:55:37.397705"], ["updated_at", "2018-02-28 05:55:37.397705"]]
  [1m[35m (23.5ms)[0m  [1m[35mCOMMIT[0m
  [1m[36mClient Load (1.0ms)[0m  [1m[34mSELECT  "clients".* FROM "clients" INNER JOIN "projects" ON "clients"."id" = "projects"."client_id" WHERE "projects"."programmer_id" = $1 LIMIT $2[0m  [["programmer_id", 5], ["LIMIT", 11]]
  [1m[35m (19.2ms)[0m  [1m[34mSELECT pg_try_advisory_lock(7217102484307868355)[0m
  [1m[35m (22.9ms)[0m  [1m[34mSELECT "schema_migrations"."version" FROM "schema_migrations" ORDER BY "schema_migrations"."version" ASC[0m
Migrating to CreatePeople (20180228064632)
  [1m[35m (0.3ms)[0m  [1m[35mBEGIN[0m
  [1m[35m (220.5ms)[0m  [1m[35mCREATE TABLE "people" ("id" bigserial primary key, "name" character varying, "created_at" timestamp NOT NULL, "updated_at" timestamp NOT NULL)[0m
  [1m[35mSQL (0.6ms)[0m  [1m[32mINSERT INTO "schema_migrations" ("version") VALUES ($1) RETURNING "version"[0m  [["version", "20180228064632"]]
  [1m[35m (84.9ms)[0m  [1m[35mCOMMIT[0m
Migrating to CreateHotels (20180228064643)
  [1m[35m (0.4ms)[0m  [1m[35mBEGIN[0m
  [1m[35m (162.0ms)[0m  [1m[35mCREATE TABLE "hotels" ("id" bigserial primary key, "name" character varying, "created_at" timestamp NOT NULL, "updated_at" timestamp NOT NULL)[0m
  [1m[35mSQL (0.5ms)[0m  [1m[32mINSERT INTO "schema_migrations" ("version") VALUES ($1) RETURNING "version"[0m  [["version", "20180228064643"]]
  [1m[35m (32.6ms)[0m  [1m[35mCOMMIT[0m
Migrating to CreateHotelPerson (20180228065553)
  [1m[35m (0.3ms)[0m  [1m[35mBEGIN[0m
  [1m[35m (53.4ms)[0m  [1m[35mCREATE TABLE "hotel_people" ("id" bigserial primary key, "person_id" bigint, "hotel_id" bigint, CONSTRAINT "fk_rails_a449b3b0ee"
FOREIGN KEY ("person_id")
  REFERENCES "people" ("id")
, CONSTRAINT "fk_rails_2a50f0db0e"
FOREIGN KEY ("hotel_id")
  REFERENCES "hotels" ("id")
)[0m
  [1m[35m (72.8ms)[0m  [1m[35mCREATE  INDEX  "index_hotel_people_on_person_id" ON "hotel_people"  ("person_id")[0m
  [1m[35m (63.7ms)[0m  [1m[35mCREATE  INDEX  "index_hotel_people_on_hotel_id" ON "hotel_people"  ("hotel_id")[0m
  [1m[35mSQL (0.5ms)[0m  [1m[32mINSERT INTO "schema_migrations" ("version") VALUES ($1) RETURNING "version"[0m  [["version", "20180228065553"]]
  [1m[35m (31.4ms)[0m  [1m[35mCOMMIT[0m
  [1m[36mActiveRecord::InternalMetadata Load (0.6ms)[0m  [1m[34mSELECT  "ar_internal_metadata".* FROM "ar_internal_metadata" WHERE "ar_internal_metadata"."key" = $1 LIMIT $2[0m  [["key", "environment"], ["LIMIT", 1]]
  [1m[35m (0.3ms)[0m  [1m[35mBEGIN[0m
  [1m[35m (0.3ms)[0m  [1m[35mCOMMIT[0m
  [1m[35m (0.4ms)[0m  [1m[34mSELECT pg_advisory_unlock(7217102484307868355)[0m
  [1m[35m (0.6ms)[0m  [1m[34mSELECT "schema_migrations"."version" FROM "schema_migrations" ORDER BY "schema_migrations"."version" ASC[0m
  [1m[35m (0.4ms)[0m  [1m[34mSELECT pg_try_advisory_lock(7217102484307868355)[0m
  [1m[35m (1.0ms)[0m  [1m[34mSELECT "schema_migrations"."version" FROM "schema_migrations" ORDER BY "schema_migrations"."version" ASC[0m
Migrating to RenamePersonToPeople (20180228071304)
  [1m[35m (0.3ms)[0m  [1m[35mBEGIN[0m
  [1m[35m (0.9ms)[0m  [1m[35mALTER TABLE "person" RENAME TO "people"[0m
  [1m[35m (0.2ms)[0m  [1m[31mROLLBACK[0m
  [1m[35m (0.4ms)[0m  [1m[34mSELECT pg_advisory_unlock(7217102484307868355)[0m
  [1m[35m (0.6ms)[0m  [1m[35mBEGIN[0m
  [1m[35mSQL (2.0ms)[0m  [1m[32mINSERT INTO "programmers" ("name", "created_at", "updated_at") VALUES ($1, $2, $3) RETURNING "id"[0m  [["name", "Shivaji"], ["created_at", "2018-02-28 11:32:50.285436"], ["updated_at", "2018-02-28 11:32:50.285436"]]
  [1m[35m (38.6ms)[0m  [1m[35mCOMMIT[0m
  [1m[35m (0.7ms)[0m  [1m[35mBEGIN[0m
  [1m[35mSQL (1.6ms)[0m  [1m[32mINSERT INTO "clients" ("name", "created_at", "updated_at") VALUES ($1, $2, $3) RETURNING "id"[0m  [["name", "Maharaj"], ["created_at", "2018-02-28 11:33:54.820362"], ["updated_at", "2018-02-28 11:33:54.820362"]]
  [1m[35m (25.5ms)[0m  [1m[35mCOMMIT[0m
  [1m[35m (0.6ms)[0m  [1m[35mBEGIN[0m
  [1m[35mSQL (34.7ms)[0m  [1m[32mINSERT INTO "projects" ("programmer_id", "client_id", "created_at", "updated_at") VALUES ($1, $2, $3, $4) RETURNING "id"[0m  [["programmer_id", 6], ["client_id", 4], ["created_at", "2018-02-28 11:35:23.112190"], ["updated_at", "2018-02-28 11:35:23.112190"]]
  [1m[35m (16.1ms)[0m  [1m[35mCOMMIT[0m
  [1m[35m (0.7ms)[0m  [1m[35mBEGIN[0m
  [1m[35mSQL (1.4ms)[0m  [1m[32mINSERT INTO "clients" ("name", "created_at", "updated_at") VALUES ($1, $2, $3) RETURNING "id"[0m  [["name", "Yogesh"], ["created_at", "2018-02-28 11:37:17.741857"], ["updated_at", "2018-02-28 11:37:17.741857"]]
  [1m[35m (25.0ms)[0m  [1m[35mCOMMIT[0m
  [1m[35m (1.1ms)[0m  [1m[35mBEGIN[0m
  [1m[35mSQL (1.9ms)[0m  [1m[32mINSERT INTO "projects" ("programmer_id", "client_id", "created_at", "updated_at") VALUES ($1, $2, $3, $4) RETURNING "id"[0m  [["programmer_id", 6], ["client_id", 5], ["created_at", "2018-02-28 11:37:49.332056"], ["updated_at", "2018-02-28 11:37:49.332056"]]
  [1m[35m (19.0ms)[0m  [1m[35mCOMMIT[0m
  [1m[35m (1.6ms)[0m  [1m[35mBEGIN[0m
  [1m[35m (0.7ms)[0m  [1m[31mROLLBACK[0m
  [1m[35m (1.0ms)[0m  [1m[35mBEGIN[0m
  [1m[35m (0.6ms)[0m  [1m[31mROLLBACK[0m
